\BOOKMARK [0][-]{chapter.1}{\376\377\000I\000n\000t\000r\000o\000d\000u\000c\000c\000i\000\363\000n}{}% 1
\BOOKMARK [0][-]{chapter.2}{\376\377\000P\000r\000e\000s\000u\000p\000u\000e\000s\000t\000o\000\040\000y\000\040\000p\000l\000a\000n\000i\000f\000i\000c\000a\000c\000i\000\363\000n}{}% 2
\BOOKMARK [1][-]{section.2.1}{\376\377\000I\000n\000t\000r\000o\000d\000u\000c\000c\000i\000\363\000n}{chapter.2}% 3
\BOOKMARK [1][-]{section.2.2}{\376\377\000C\000o\000n\000c\000l\000u\000s\000i\000o\000n\000e\000s}{chapter.2}% 4
\BOOKMARK [0][-]{chapter.3}{\376\377\000E\000l\000i\000c\000i\000t\000a\000c\000i\000\363\000n\000\040\000d\000e\000\040\000r\000e\000q\000u\000i\000s\000i\000t\000o\000s}{}% 5
\BOOKMARK [0][-]{chapter.4}{\376\377\000A\000n\000\341\000l\000i\000s\000i\000s\000\040\000d\000e\000l\000\040\000p\000r\000o\000b\000l\000e\000m\000a}{}% 6
\BOOKMARK [1][-]{section.4.1}{\376\377\000I\000n\000t\000r\000o\000d\000u\000c\000c\000i\000\363\000n}{chapter.4}% 7
\BOOKMARK [1][-]{section.4.2}{\376\377\000R\000e\000q\000u\000i\000s\000i\000t\000o\000s\000\040\000d\000e\000\040\000i\000n\000f\000o\000r\000m\000a\000c\000i\000\363\000n}{chapter.4}% 8
\BOOKMARK [1][-]{section.4.3}{\376\377\000R\000e\000q\000u\000i\000s\000i\000t\000o\000s\000\040\000f\000u\000n\000c\000i\000o\000n\000a\000l\000e\000s}{chapter.4}% 9
\BOOKMARK [1][-]{section.4.4}{\376\377\000R\000e\000q\000u\000i\000s\000i\000t\000o\000s\000\040\000n\000o\000\040\000f\000u\000n\000c\000i\000o\000n\000a\000l\000e\000s}{chapter.4}% 10
\BOOKMARK [1][-]{section.4.5}{\376\377\000C\000o\000n\000c\000l\000u\000s\000i\000o\000n\000e\000s}{chapter.4}% 11
\BOOKMARK [0][-]{chapter.5}{\376\377\000D\000i\000s\000e\000\361\000o\000\040\000d\000e\000l\000\040\000p\000r\000o\000b\000l\000e\000m\000a}{}% 12
\BOOKMARK [1][-]{section.5.1}{\376\377\000I\000n\000t\000r\000o\000d\000u\000c\000c\000i\000\363\000n}{chapter.5}% 13
\BOOKMARK [1][-]{section.5.2}{\376\377\000C\000o\000n\000c\000l\000u\000s\000i\000o\000n\000e\000s}{chapter.5}% 14
\BOOKMARK [0][-]{chapter.6}{\376\377\000I\000m\000p\000l\000e\000m\000e\000n\000t\000a\000c\000i\000\363\000n}{}% 15
\BOOKMARK [1][-]{section.6.1}{\376\377\000I\000n\000t\000r\000o\000d\000u\000c\000c\000i\000\363\000n}{chapter.6}% 16
\BOOKMARK [1][-]{section.6.2}{\376\377\000H\000e\000r\000r\000a\000m\000i\000e\000n\000t\000a\000s}{chapter.6}% 17
\BOOKMARK [1][-]{section.6.3}{\376\377\000C\000o\000n\000c\000l\000u\000s\000i\000o\000n\000e\000s}{chapter.6}% 18
\BOOKMARK [0][-]{chapter.7}{\376\377\000P\000l\000a\000n\000\040\000d\000e\000\040\000p\000r\000u\000e\000b\000a\000s}{}% 19
\BOOKMARK [1][-]{section.7.1}{\376\377\000I\000n\000t\000r\000o\000d\000u\000c\000c\000i\000\363\000n}{chapter.7}% 20
\BOOKMARK [1][-]{section.7.2}{\376\377\000C\000o\000n\000c\000l\000u\000s\000i\000o\000n\000e\000s}{chapter.7}% 21
\BOOKMARK [0][-]{chapter.8}{\376\377\000M\000a\000n\000u\000a\000l\000\040\000d\000e\000\040\000u\000s\000u\000a\000r\000i\000o}{}% 22
\BOOKMARK [1][-]{section.8.1}{\376\377\000I\000n\000t\000r\000o\000d\000u\000c\000c\000i\000\363\000n}{chapter.8}% 23
\BOOKMARK [1][-]{section.8.2}{\376\377\000C\000o\000n\000c\000l\000u\000s\000i\000o\000n\000e\000s}{chapter.8}% 24
\BOOKMARK [0][-]{chapter.9}{\376\377\000C\000o\000n\000c\000l\000u\000s\000i\000o\000n\000e\000s}{}% 25
\BOOKMARK [0][-]{chapter.10}{\376\377\000A\000p\000\351\000n\000d\000i\000c\000e\000s}{}% 26
\BOOKMARK [1][-]{section.10.1}{\376\377\000I\000n\000t\000r\000o\000d\000u\000c\000c\000i\000\363\000n}{chapter.10}% 27
\BOOKMARK [1][-]{section.10.2}{\376\377\000C\000o\000n\000c\000l\000u\000s\000i\000o\000n\000e\000s}{chapter.10}% 28
\BOOKMARK [0][-]{chapter.11}{\376\377\000G\000l\000o\000s\000a\000r\000i\000o\000\040\000d\000e\000\040\000t\000\351\000r\000m\000i\000n\000o\000s}{}% 29
\BOOKMARK [1][-]{section.11.1}{\376\377\000I\000n\000t\000r\000o\000d\000u\000c\000c\000i\000\363\000n}{chapter.11}% 30
\BOOKMARK [1][-]{section.11.2}{\376\377\000C\000o\000n\000c\000l\000u\000s\000i\000o\000n\000e\000s}{chapter.11}% 31
\BOOKMARK [0][-]{chapter.12}{\376\377\000B\000i\000b\000l\000i\000o\000g\000r\000a\000f\000\355\000a}{}% 32
